TN:
SF:app\OnboardingScreen.tsx
FN:19,(anonymous_0)
FN:22,(anonymous_1)
FNF:2
FNH:2
FNDA:3,(anonymous_0)
FNDA:1,(anonymous_1)
DA:17,1
DA:19,1
DA:20,3
DA:22,3
DA:25,1
DA:28,3
DA:83,1
LF:7
LH:7
BRF:0
BRH:0
end_of_record
TN:
SF:assets\images\1.png
FNF:0
FNH:0
DA:1,1
LF:1
LH:1
BRF:0
BRH:0
end_of_record
TN:
SF:constants\theme.ts
FNF:0
FNH:0
DA:3,1
DA:14,1
DA:28,1
DA:45,1
LF:4
LH:4
BRF:0
BRH:0
end_of_record
TN:
SF:utils\stylings.ts
FN:13,(anonymous_0)
FN:16,(anonymous_1)
FNF:2
FNH:2
FNDA:19,(anonymous_0)
FNDA:22,(anonymous_1)
DA:3,1
DA:6,1
DA:10,1
DA:11,1
DA:13,1
DA:14,19
DA:16,1
DA:17,22
LF:8
LH:8
BRDA:6,0,0,1
BRDA:6,0,1,0
BRF:2
BRH:1
end_of_record
